build/app/intermediates/manifest_merge_blame_file/debug/manifest-merger-blame-debug-report.txt
1<?xml version="1.0" encoding="utf-8"?>
2<manifest xmlns:android="http://schemas.android.com/apk/res/android"
3    package="com.tekdhaba.biocheck"
4    android:versionCode="1"
5    android:versionName="0.0.1" >
6
7    <uses-sdk
8        android:minSdkVersion="21"
9        android:targetSdkVersion="30" />
10    <!--
11         Flutter needs it to communicate with the running application
12         to allow setting breakpoints, to provide hot reload, etc.
13    -->
14    <uses-permission android:name="android.permission.INTERNET" />
14-->src/main/AndroidManifest.xml:4:5-66
14-->src/main/AndroidManifest.xml:4:22-64
15    <uses-permission android:name="android.permission.BLUETOOTH" />
15-->src/main/AndroidManifest.xml:5:5-68
15-->src/main/AndroidManifest.xml:5:22-65
16    <uses-permission android:name="android.permission.BLUETOOTH_ADMIN" />
16-->src/main/AndroidManifest.xml:6:5-74
16-->src/main/AndroidManifest.xml:6:22-71
17    <uses-permission android:name="android.permission.ACCESS_COARSE_LOCATION" />
17-->src/main/AndroidManifest.xml:7:5-80
17-->src/main/AndroidManifest.xml:7:22-78
18    <uses-permission android:name="android.permission.ACCESS_FINE_LOCATION" />
18-->src/main/AndroidManifest.xml:8:5-78
18-->src/main/AndroidManifest.xml:8:22-76
19    <uses-permission android:name="android.permission.ACCESS_BACKGROUND_LOCATION " />
19-->src/main/AndroidManifest.xml:9:5-85
19-->src/main/AndroidManifest.xml:9:22-83
20    <uses-permission android:name="android.permission.WRITE_EXTERNAL_STORAGE" />
20-->src/main/AndroidManifest.xml:10:5-81
20-->src/main/AndroidManifest.xml:10:22-78
21    <uses-permission android:name="android.permission.ACCESS_NETWORK_STATE" />
21-->[:connectivity] AndroidManifest.xml:7:5-79
21-->[:connectivity] AndroidManifest.xml:7:22-76
22
23    <uses-feature
23-->[com.google.android.gms:play-services-maps:17.0.0] AndroidManifest.xml:26:5-28:35
24        android:glEsVersion="0x00020000"
24-->[com.google.android.gms:play-services-maps:17.0.0] AndroidManifest.xml:27:9-41
25        android:required="true" />
25-->[com.google.android.gms:play-services-maps:17.0.0] AndroidManifest.xml:28:9-32
26
27    <application
27-->src/main/AndroidManifest.xml:13:4-53:19
28        android:allowBackup="false"
28-->src/main/AndroidManifest.xml:15:8-35
29        android:appComponentFactory="androidx.core.app.CoreComponentFactory"
29-->[androidx.core:core:1.3.2] AndroidManifest.xml:24:18-86
30        android:debuggable="true"
31        android:icon="@mipmap/ic_launcher"
31-->src/main/AndroidManifest.xml:18:9-43
32        android:label="biocheck"
32-->src/main/AndroidManifest.xml:14:9-33
33        android:requestLegacyExternalStorage="true"
33-->src/main/AndroidManifest.xml:17:8-51
34        android:usesCleartextTraffic="true" >
34-->src/main/AndroidManifest.xml:16:8-43
35        <activity
35-->src/main/AndroidManifest.xml:19:9-47:20
36            android:name="com.tekdhaba.biocheck.MainActivity"
36-->src/main/AndroidManifest.xml:20:13-41
37            android:configChanges="orientation|keyboardHidden|keyboard|screenSize|smallestScreenSize|locale|layoutDirection|fontScale|screenLayout|density|uiMode"
37-->src/main/AndroidManifest.xml:23:13-163
38            android:hardwareAccelerated="true"
38-->src/main/AndroidManifest.xml:24:13-47
39            android:launchMode="singleTop"
39-->src/main/AndroidManifest.xml:21:13-43
40            android:theme="@style/LaunchTheme"
40-->src/main/AndroidManifest.xml:22:13-47
41            android:windowSoftInputMode="adjustPan" >
41-->src/main/AndroidManifest.xml:25:13-52
42
43            <!--
44                 Specifies an Android theme to apply to this Activity as soon as
45                 the Android process has started. This theme is visible to the user
46                 while the Flutter UI initializes. After that, this theme continues
47                 to determine the Window background behind the Flutter UI.
48            -->
49            <meta-data
49-->src/main/AndroidManifest.xml:30:13-33:17
50                android:name="io.flutter.embedding.android.NormalTheme"
50-->src/main/AndroidManifest.xml:31:15-70
51                android:resource="@style/NormalTheme" />
51-->src/main/AndroidManifest.xml:32:15-52
52            <!--
53                 Displays an Android View that continues showing the launch screen
54                 Drawable until Flutter paints its first frame, then this splash
55                 screen fades out. A splash screen is useful to avoid any visual
56                 gap between the end of Android's launch screen and the painting of
57                 Flutter's first frame.
58            -->
59            <meta-data
59-->src/main/AndroidManifest.xml:39:13-42:17
60                android:name="io.flutter.embedding.android.SplashScreenDrawable"
60-->src/main/AndroidManifest.xml:40:15-79
61                android:resource="@drawable/launch_background" />
61-->src/main/AndroidManifest.xml:41:15-61
62
63            <intent-filter>
63-->src/main/AndroidManifest.xml:43:13-46:29
64                <action android:name="android.intent.action.MAIN" />
64-->src/main/AndroidManifest.xml:44:17-68
64-->src/main/AndroidManifest.xml:44:25-66
65
66                <category android:name="android.intent.category.LAUNCHER" />
66-->src/main/AndroidManifest.xml:45:17-76
66-->src/main/AndroidManifest.xml:45:27-74
67            </intent-filter>
68        </activity>
69        <!--
70             Don't delete the meta-data below.
71             This is used by the Flutter tool to generate GeneratedPluginRegistrant.java
72        -->
73        <meta-data
73-->src/main/AndroidManifest.xml:50:9-52:33
74            android:name="flutterEmbedding"
74-->src/main/AndroidManifest.xml:51:13-44
75            android:value="2" />
75-->src/main/AndroidManifest.xml:52:13-30
76
77        <service
77-->[:location] AndroidManifest.xml:11:9-15:56
78            android:name="com.lyokone.location.FlutterLocationService"
78-->[:location] AndroidManifest.xml:12:13-71
79            android:enabled="true"
79-->[:location] AndroidManifest.xml:13:13-35
80            android:exported="false"
80-->[:location] AndroidManifest.xml:14:13-37
81            android:foregroundServiceType="location" /> <!-- Needs to be explicitly declared on P+ -->
81-->[:location] AndroidManifest.xml:15:13-53
82        <uses-library
82-->[com.google.android.gms:play-services-maps:17.0.0] AndroidManifest.xml:33:9-35:40
83            android:name="org.apache.http.legacy"
83-->[com.google.android.gms:play-services-maps:17.0.0] AndroidManifest.xml:34:13-50
84            android:required="false" />
84-->[com.google.android.gms:play-services-maps:17.0.0] AndroidManifest.xml:35:13-37
85
86        <activity
86-->[com.google.android.gms:play-services-base:17.0.0] AndroidManifest.xml:23:9-26:75
87            android:name="com.google.android.gms.common.api.GoogleApiActivity"
87-->[com.google.android.gms:play-services-base:17.0.0] AndroidManifest.xml:24:13-79
88            android:exported="false"
88-->[com.google.android.gms:play-services-base:17.0.0] AndroidManifest.xml:25:13-37
89            android:theme="@android:style/Theme.Translucent.NoTitleBar" />
89-->[com.google.android.gms:play-services-base:17.0.0] AndroidManifest.xml:26:13-72
90
91        <meta-data
91-->[com.google.android.gms:play-services-basement:17.0.0] AndroidManifest.xml:23:9-25:69
92            android:name="com.google.android.gms.version"
92-->[com.google.android.gms:play-services-basement:17.0.0] AndroidManifest.xml:24:13-58
93            android:value="@integer/google_play_services_version" />
93-->[com.google.android.gms:play-services-basement:17.0.0] AndroidManifest.xml:25:13-66
94    </application>
95
96</manifest>